<?xml version="1.0" encoding="UTF-8"?>
<!-- Generated by org.testng.reporters.JUnitXMLReporter -->
<testsuite ignored="0" hostname="DESKTOP-6V7HDD1" failures="2" tests="5" name="Test" time="10.568" errors="0" timestamp="2021-07-20T19:25:45 EDT">
  <testcase classname="com.inetBanking.testCases.TC_LoginTest_001" name="loginTest" time="0.681"/>
  <testcase classname="com.inetBanking.testCases.TC_DDT_002" name="loginDDT" time="0.705">
    <failure type="java.lang.AssertionError" message="expected [true] but found [false]">
      <![CDATA[java.lang.AssertionError: expected [true] but found [false]
at com.inetBanking.testCases.TC_DDT_002.loginDDT(TC_DDT_002.java:44)
at java.base/java.util.ArrayList.forEach(ArrayList.java:1511)
... Removed 31 stack frames]]>
    </failure>
  </testcase> <!-- loginDDT -->
  <testcase classname="com.inetBanking.testCases.TC_DDT_002" name="loginDDT" time="0.612"/>
  <testcase classname="com.inetBanking.testCases.TC_DDT_002" name="loginDDT" time="0.803">
    <failure type="java.lang.AssertionError" message="expected [true] but found [false]">
      <![CDATA[java.lang.AssertionError: expected [true] but found [false]
at com.inetBanking.testCases.TC_DDT_002.loginDDT(TC_DDT_002.java:44)
at java.base/java.util.ArrayList.forEach(ArrayList.java:1511)
... Removed 31 stack frames]]>
    </failure>
  </testcase> <!-- loginDDT -->
  <testcase classname="com.inetBanking.testCases.TC_DDT_002" name="loginDDT" time="0.547"/>
</testsuite> <!-- Test -->
