<?xml version="1.0" encoding="UTF-8"?>
<!-- Generated by org.testng.reporters.JUnitXMLReporter -->
<testsuite hostname="DESKTOP-U29K8I6" ignored="0" name="Test" tests="5" failures="2" timestamp="2021-07-20T19:16:23 EDT" time="64.492" errors="0">
  <testcase name="loginTest" time="4.694" classname="com.inetBanking.testCases.TC_LoginTest_001"/>
  <testcase name="loginDDT" time="3.172" classname="com.inetBanking.testCases.TC_DDT_002">
    <failure type="java.lang.AssertionError" message="expected [true] but found [false]">
      <![CDATA[java.lang.AssertionError: expected [true] but found [false]
at com.inetBanking.testCases.TC_DDT_002.loginDDT(TC_DDT_002.java:44)
at java.util.ArrayList.forEach(Unknown Source)
... Removed 31 stack frames]]>
    </failure>
  </testcase> <!-- loginDDT -->
  <testcase name="loginDDT" time="2.474" classname="com.inetBanking.testCases.TC_DDT_002"/>
  <testcase name="loginDDT" time="14.455" classname="com.inetBanking.testCases.TC_DDT_002">
    <failure type="java.lang.AssertionError" message="expected [true] but found [false]">
      <![CDATA[java.lang.AssertionError: expected [true] but found [false]
at com.inetBanking.testCases.TC_DDT_002.loginDDT(TC_DDT_002.java:44)
at java.util.ArrayList.forEach(Unknown Source)
... Removed 31 stack frames]]>
    </failure>
  </testcase> <!-- loginDDT -->
  <testcase name="loginDDT" time="1.525" classname="com.inetBanking.testCases.TC_DDT_002"/>
</testsuite> <!-- Test -->
