<?xml version="1.0" encoding="UTF-8"?>
<!-- Generated by org.testng.reporters.JUnitXMLReporter -->
<testsuite ignored="0" hostname="DESKTOP-6V7HDD1" failures="2" tests="3" name="Test(failed)" time="8.769" errors="0" timestamp="2021-07-15T16:56:40 EDT">
  <testcase classname="com.inetBanking.testCases.TC_LoginTest_001" name="loginTest" time="0.615"/>
  <testcase classname="com.inetBanking.testCases.TC_DDT_002" name="loginDDT" time="0.62">
    <failure type="java.lang.AssertionError">
      <![CDATA[java.lang.AssertionError
at org.junit.Assert.fail(Assert.java:86)
at org.junit.Assert.assertTrue(Assert.java:41)
at org.junit.Assert.assertTrue(Assert.java:52)
at com.inetBanking.testCases.TC_DDT_002.loginDDT(TC_DDT_002.java:44)
at java.base/java.util.ArrayList.forEach(ArrayList.java:1511)
... Removed 27 stack frames]]>
    </failure>
  </testcase> <!-- loginDDT -->
  <testcase classname="com.inetBanking.testCases.TC_DDT_002" name="loginDDT" time="0.494">
    <failure type="java.lang.AssertionError">
      <![CDATA[java.lang.AssertionError
at org.junit.Assert.fail(Assert.java:86)
at org.junit.Assert.assertTrue(Assert.java:41)
at org.junit.Assert.assertTrue(Assert.java:52)
at com.inetBanking.testCases.TC_DDT_002.loginDDT(TC_DDT_002.java:44)
at java.base/java.util.ArrayList.forEach(ArrayList.java:1511)
... Removed 27 stack frames]]>
    </failure>
  </testcase> <!-- loginDDT -->
</testsuite> <!-- Test(failed) -->
